<?xml version="1.0" encoding="UTF-8"?>
<!-- Generated by org.testng.reporters.JUnitReportReporter -->
<testsuite skipped="0" hostname="DESKTOP-2FI50H2" name="Testscripts.Testscript1" tests="1" failures="0" timestamp="04 Nov 2018 18:37:34 GMT" time="7.372" errors="0">
  <testcase name="signdoubleclick" time="7.372" classname="Testscripts.Testscript1"/>
</testsuite> <!-- Testscripts.Testscript1 -->
