<?xml version="1.0" encoding="UTF-8"?>
<!-- Generated by org.testng.reporters.JUnitReportReporter -->
<testsuite skipped="0" hostname="DESKTOP-2FI50H2" name="Testscripts.Testscript1" tests="1" failures="0" timestamp="30 Oct 2018 18:01:11 GMT" time="32.738" errors="0">
  <testcase name="totalcount" time="32.738" classname="Testscripts.Testscript1"/>
</testsuite> <!-- Testscripts.Testscript1 -->
